  stdafx.cpp
  Struthio_Camelus.cpp
  Struthioniformes.cpp
  Striges.cpp
  Semnornithidae.cpp
  Semnornis ramphastinus.cpp
  Semnornis frantzii.cpp
  Sarcogyps.cpp
  Rheiformes.cpp
  Rhea_pennata.cpp
  Rhea americana.cpp
  Puffinus_tenuirostris.cpp
  Puffinus_griseus.cpp
  Puffinus.cpp
  Puffininae.cpp
  Pterodroma_hypoleuca.cpp
  Pterodroma_hasitata.cpp
  Pterodroma_cahow.cpp
  Pterodroma.cpp
  Procellarioidea.cpp
  Procellariiformes.cpp
  Создание кода...
  Компиляция...
  Procellariidae.cpp
  Procellaria.cpp
  Procellarae.cpp
  Picini.cpp
  Picinae.cpp
  Piciformes.cpp
  Phalcoboenus.cpp
  Passeriformes.cpp
  Palaeognathae.cpp
  Neognathae.cpp
  Megalaimidae.cpp
  Megalaima.cpp
  main.cpp
  Ictinaetus.cpp
  Gyps_himalayensis.cpp
  Gyps_fulvus.cpp
  Gyps_africanus.cpp
  Gyps.cpp
  Galliformes.cpp
  Fulmarus.cpp
  Создание кода...
  Компиляция...
  Fulmarinae.cpp
  Falco_rusticolus.cpp
  Falco_peregrinus.cpp
  Falco_berigora.cpp
  Falconiformes.cpp
  Falconidae.cpp
  Falco.cpp
  Dryocopus.cpp
  Dryocopus javensis.cpp
  Dromaius_novaehollandiae.cpp
  Diomedeidae.cpp
  Diomedea_exulans.cpp
  Diomedea_epomophora.cpp
  Diomedea_amsterdamensis.cpp
  Cuculiformes.cpp
  Columbiformes.cpp
  Casuarius.cpp
  Casuariiformes.cpp
  Campephilus_principalis.cpp
  Campephilus_imperialis.cpp
  Создание кода...
  Компиляция...
  Campephilus.cpp
  Campephilini.cpp
  Aves.cpp
  Aquilinae.cpp
  Aquila_nipalensis.cpp
  Aquila_chrysaetos.cpp
  Aquila.cpp
  Apteryx_owenii.cpp
  Apteryx_australis.cpp
  Apterygiformes.cpp
  Anseriformes.cpp
  Accipitrinae.cpp
  Accipitridae.cpp
  Accipiter_striatus.cpp
  Accipiter_nisus.cpp
  Accipiter_gundlachi.cpp
  Accipiter.cpp
  Создание кода...
  main.vcxproj -> C:\Users\Владлена\Desktop\main\Debug\main.exe
  main.vcxproj -> C:\Users\Владлена\Desktop\main\Debug\main.pdb (Full PDB)
